This is pdfTeXk, Version 3.1415926-1.40.9 (Web2C 7.5.7) (format=latex 2009.7.2)  12 JUL 2009 18:32
entering extended mode
 %&-line parsing enabled.
**program.tex
(./program.tex
LaTeX2e <2005/12/01>
Babel <v3.8l> and hyphenation patterns for english, usenglishmax, dumylang, noh
yphenation, german-x-2008-06-18, ngerman-x-2008-06-18, ancientgreek, ibycus, ba
sque, catalan, dutch, french, galician, german, ngerman, monogreek, greek, ital
ian, latin, spanish, ukenglish, loaded.
(/usr/local/texlive/2008/texmf-dist/tex/latex/base/article.cls
Document Class: article 2005/09/16 v1.4f Standard LaTeX document class
(/usr/local/texlive/2008/texmf-dist/tex/latex/base/size10.clo
File: size10.clo 2005/09/16 v1.4f Standard LaTeX file (size option)
)
\c@part=\count79
\c@section=\count80
\c@subsection=\count81
\c@subsubsection=\count82
\c@paragraph=\count83
\c@subparagraph=\count84
\c@figure=\count85
\c@table=\count86
\abovecaptionskip=\skip41
\belowcaptionskip=\skip42
\bibindent=\dimen102
) (./program.aux)
\openout1 = `program.aux'.

LaTeX Font Info:    Checking defaults for OML/cmm/m/it on input line 6.
LaTeX Font Info:    ... okay on input line 6.
LaTeX Font Info:    Checking defaults for T1/cmr/m/n on input line 6.
LaTeX Font Info:    ... okay on input line 6.
LaTeX Font Info:    Checking defaults for OT1/cmr/m/n on input line 6.
LaTeX Font Info:    ... okay on input line 6.
LaTeX Font Info:    Checking defaults for OMS/cmsy/m/n on input line 6.
LaTeX Font Info:    ... okay on input line 6.
LaTeX Font Info:    Checking defaults for OMX/cmex/m/n on input line 6.
LaTeX Font Info:    ... okay on input line 6.
LaTeX Font Info:    Checking defaults for U/cmr/m/n on input line 6.
LaTeX Font Info:    ... okay on input line 6.
LaTeX Font Info:    External font `cmex10' loaded for size
(Font)              <12> on input line 7.
LaTeX Font Info:    External font `cmex10' loaded for size
(Font)              <8> on input line 7.
LaTeX Font Info:    External font `cmex10' loaded for size
(Font)              <6> on input line 7.

Underfull \hbox (badness 10000) in paragraph at lines 8--15

 []


Underfull \hbox (badness 10000) in paragraph at lines 16--21

 []


Underfull \hbox (badness 10000) in paragraph at lines 34--40

 []


Underfull \hbox (badness 10000) in paragraph at lines 45--49

 []

[1

]
LaTeX Font Info:    Try loading font information for OMS+cmr on input line 90.
 (/usr/local/texlive/2008/texmf-dist/tex/latex/base/omscmr.fd
File: omscmr.fd 1999/05/25 v2.5h Standard LaTeX font definitions
)
LaTeX Font Info:    Font shape `OMS/cmr/m/n' in size <10> not available
(Font)              Font shape `OMS/cmsy/m/n' tried instead on input line 90.
 [2]
LaTeX Font Info:    External font `cmex10' loaded for size
(Font)              <7> on input line 141.
LaTeX Font Info:    External font `cmex10' loaded for size
(Font)              <5> on input line 141.
 [3]
[4]
LaTeX Font Info:    Try loading font information for OMS+cmtt on input line 214
.
LaTeX Font Info:    No file OMScmtt.fd. on input line 214.


LaTeX Font Warning: Font shape `OMS/cmtt/m/n' undefined
(Font)              using `OMS/cmsy/m/n' instead
(Font)              for symbol `textbraceleft' on input line 214.


Underfull \hbox (badness 10000) in paragraph at lines 221--224

 []

[5]
Underfull \hbox (badness 10000) in paragraph at lines 280--298

 []

[6]
Underfull \hbox (badness 10000) in paragraph at lines 349--353

 []

[7] [8] [9] [10] [11] (./program.aux)

LaTeX Font Warning: Some font shapes were not available, defaults substituted.

 ) 
Here is how much of TeX's memory you used:
 264 strings out of 494783
 2981 string characters out of 1173004
 51416 words of memory out of 3000000
 3554 multiletter control sequences out of 10000+50000
 8270 words of font info for 30 fonts, out of 3000000 for 5000
 147 hyphenation exceptions out of 8191
 23i,6n,20p,145b,239s stack positions out of 5000i,500n,10000p,200000b,50000s

Output written on program.dvi (11 pages, 24368 bytes).
